<?xml version="1.0" encoding="UTF-8"?>
<!-- Generated by org.testng.reporters.JUnitReportReporter -->
<testsuite hostname="DESKTOP-1RLTEAV" failures="0" tests="4" name="testRunner.Employee" time="22.447" errors="0" timestamp="29 Jan 2025 14:51:26 GMT" skipped="0">
  <testcase classname="testRunner.Employee" name="runScenario" time="5.433"/>
  <testcase classname="testRunner.Employee" name="runScenario" time="5.246"/>
  <testcase classname="testRunner.Employee" name="runScenario" time="6.031"/>
  <testcase classname="testRunner.Employee" name="runScenario" time="5.737"/>
</testsuite> <!-- testRunner.Employee -->
