<?xml version="1.0" encoding="UTF-8"?>
<!-- Generated by org.testng.reporters.JUnitReportReporter -->
<testsuite hostname="DESKTOP-1RLTEAV" failures="0" tests="4" name="testRunner.AdminLogin" time="12.284" errors="0" timestamp="05 Feb 2025 03:32:02 GMT" skipped="0">
  <testcase classname="testRunner.AdminLogin" name="runScenario" time="2.652"/>
  <testcase classname="testRunner.AdminLogin" name="runScenario" time="2.217"/>
  <testcase classname="testRunner.AdminLogin" name="runScenario" time="5.140"/>
  <testcase classname="testRunner.AdminLogin" name="runScenario" time="2.275"/>
</testsuite> <!-- testRunner.AdminLogin -->
